                             OPS-SAT Doom
Z_Init: Init zone memory allocation daemon. 
zone memory: 0xb66b6008, 600000 allocated for zone
Using . for configuration and saves
V_Init: allocate screens.
M_LoadDefaults: Load system defaults.
saving config in .default.cfg
W_Init: Init WADfiles.
 adding demos/doom-earth.wad
 adding demos/rng-0/georges-e1m2.lmp
Warning: Truncated 'georges-e1m2.lmp' lump name to 'GEORGES-'.
Playing demo demos/rng-0/georges-e1m2.lmp.
Using ./.savegame/ for savegames
===========================================================================
                            DOOM Shareware
===========================================================================
 OPS-SAT Doom is free software, covered by the GNU General Public
 License.  There is NO warranty; not even for MERCHANTABILITY or FITNESS
 FOR A PARTICULAR PURPOSE. You are welcome to change and distribute
 copies under certain conditions. See the source for more information.
===========================================================================
I_Init: Setting up machine state.
M_Init: Init miscellaneous info.
R_Init: Init DOOM refresh daemon - ...................
P_Init: Init Playloop state.
S_Init: Setting up sound.
D_CheckNetGame: Checking network game status.
startskill 2  deathmatch: 0  startmap: 1  startepisode: 1
player 1 of 1 (1 nodes)
Emulating the behavior of the 'Doom 1.9' executable.
HU_Init: Setting up heads up display.
ST_Init: Init status bar.
External statistics registered.
I_InitGraphics: framebuffer: x_res: 640, y_res: 400, x_virtual: 640, y_virtual: 400, bpp: 32
I_InitGraphics: framebuffer: RGBA: 8888, red_off: 16, green_off: 8, blue_off: 0, transp_off: 24
I_InitGraphics: DOOM screen size: w x h: 320 x 200
I_InitGraphics: Auto-scaling factor: 2
Statistics captured for 1 level(s)
                             OPS-SAT Doom
Z_Init: Init zone memory allocation daemon. 
zone memory: 0xb66d1008, 600000 allocated for zone
Using . for configuration and saves
V_Init: allocate screens.
M_LoadDefaults: Load system defaults.
saving config in .default.cfg
W_Init: Init WADfiles.
 adding demos/doom-earth.wad
 adding demos/rng-0/georges-e1m2b.lmp
Warning: Truncated 'georges-e1m2b.lmp' lump name to 'GEORGES-'.
Playing demo demos/rng-0/georges-e1m2b.lmp.
Using ./.savegame/ for savegames
===========================================================================
                            DOOM Shareware
===========================================================================
 OPS-SAT Doom is free software, covered by the GNU General Public
 License.  There is NO warranty; not even for MERCHANTABILITY or FITNESS
 FOR A PARTICULAR PURPOSE. You are welcome to change and distribute
 copies under certain conditions. See the source for more information.
===========================================================================
I_Init: Setting up machine state.
M_Init: Init miscellaneous info.
R_Init: Init DOOM refresh daemon - ...................
P_Init: Init Playloop state.
S_Init: Setting up sound.
D_CheckNetGame: Checking network game status.
startskill 2  deathmatch: 0  startmap: 1  startepisode: 1
player 1 of 1 (1 nodes)
Emulating the behavior of the 'Doom 1.9' executable.
HU_Init: Setting up heads up display.
ST_Init: Init status bar.
External statistics registered.
I_InitGraphics: framebuffer: x_res: 640, y_res: 400, x_virtual: 640, y_virtual: 400, bpp: 32
I_InitGraphics: framebuffer: RGBA: 8888, red_off: 16, green_off: 8, blue_off: 0, transp_off: 24
I_InitGraphics: DOOM screen size: w x h: 320 x 200
I_InitGraphics: Auto-scaling factor: 2
Statistics captured for 1 level(s)
                             OPS-SAT Doom
Z_Init: Init zone memory allocation daemon. 
zone memory: 0xb6675008, 600000 allocated for zone
Using . for configuration and saves
V_Init: allocate screens.
M_LoadDefaults: Load system defaults.
saving config in .default.cfg
W_Init: Init WADfiles.
 adding demos/doom-earth.wad
 adding demos/rng-0/zero-e1m1.lmp
Warning: Truncated 'zero-e1m1.lmp' lump name to 'ZERO-E1M'.
Playing demo demos/rng-0/zero-e1m1.lmp.
Using ./.savegame/ for savegames
===========================================================================
                            DOOM Shareware
===========================================================================
 OPS-SAT Doom is free software, covered by the GNU General Public
 License.  There is NO warranty; not even for MERCHANTABILITY or FITNESS
 FOR A PARTICULAR PURPOSE. You are welcome to change and distribute
 copies under certain conditions. See the source for more information.
===========================================================================
I_Init: Setting up machine state.
M_Init: Init miscellaneous info.
R_Init: Init DOOM refresh daemon - ...................
P_Init: Init Playloop state.
S_Init: Setting up sound.
D_CheckNetGame: Checking network game status.
startskill 2  deathmatch: 0  startmap: 1  startepisode: 1
player 1 of 1 (1 nodes)
Emulating the behavior of the 'Doom 1.9' executable.
HU_Init: Setting up heads up display.
ST_Init: Init status bar.
External statistics registered.
I_InitGraphics: framebuffer: x_res: 640, y_res: 400, x_virtual: 640, y_virtual: 400, bpp: 32
I_InitGraphics: framebuffer: RGBA: 8888, red_off: 16, green_off: 8, blue_off: 0, transp_off: 24
I_InitGraphics: DOOM screen size: w x h: 320 x 200
I_InitGraphics: Auto-scaling factor: 2
Statistics captured for 1 level(s)
                             OPS-SAT Doom
Z_Init: Init zone memory allocation daemon. 
zone memory: 0xb66b1008, 600000 allocated for zone
Using . for configuration and saves
V_Init: allocate screens.
M_LoadDefaults: Load system defaults.
saving config in .default.cfg
W_Init: Init WADfiles.
 adding demos/doom-earth.wad
 adding demos/rng-0/zero-e1m2.lmp
Warning: Truncated 'zero-e1m2.lmp' lump name to 'ZERO-E1M'.
Playing demo demos/rng-0/zero-e1m2.lmp.
Using ./.savegame/ for savegames
===========================================================================
                            DOOM Shareware
===========================================================================
 OPS-SAT Doom is free software, covered by the GNU General Public
 License.  There is NO warranty; not even for MERCHANTABILITY or FITNESS
 FOR A PARTICULAR PURPOSE. You are welcome to change and distribute
 copies under certain conditions. See the source for more information.
===========================================================================
I_Init: Setting up machine state.
M_Init: Init miscellaneous info.
R_Init: Init DOOM refresh daemon - ...................
P_Init: Init Playloop state.
S_Init: Setting up sound.
D_CheckNetGame: Checking network game status.
startskill 2  deathmatch: 0  startmap: 1  startepisode: 1
player 1 of 1 (1 nodes)
Emulating the behavior of the 'Doom 1.9' executable.
HU_Init: Setting up heads up display.
ST_Init: Init status bar.
External statistics registered.
I_InitGraphics: framebuffer: x_res: 640, y_res: 400, x_virtual: 640, y_virtual: 400, bpp: 32
I_InitGraphics: framebuffer: RGBA: 8888, red_off: 16, green_off: 8, blue_off: 0, transp_off: 24
I_InitGraphics: DOOM screen size: w x h: 320 x 200
I_InitGraphics: Auto-scaling factor: 2
Statistics captured for 1 level(s)
                             OPS-SAT Doom
Z_Init: Init zone memory allocation daemon. 
zone memory: 0xb661f008, 600000 allocated for zone
Using . for configuration and saves
V_Init: allocate screens.
M_LoadDefaults: Load system defaults.
saving config in .default.cfg
W_Init: Init WADfiles.
 adding demos/doom-earth.wad
 adding demos/rng-0/zero-e1m3.lmp
Warning: Truncated 'zero-e1m3.lmp' lump name to 'ZERO-E1M'.
Playing demo demos/rng-0/zero-e1m3.lmp.
Using ./.savegame/ for savegames
===========================================================================
                            DOOM Shareware
===========================================================================
 OPS-SAT Doom is free software, covered by the GNU General Public
 License.  There is NO warranty; not even for MERCHANTABILITY or FITNESS
 FOR A PARTICULAR PURPOSE. You are welcome to change and distribute
 copies under certain conditions. See the source for more information.
===========================================================================
I_Init: Setting up machine state.
M_Init: Init miscellaneous info.
R_Init: Init DOOM refresh daemon - ...................
P_Init: Init Playloop state.
S_Init: Setting up sound.
D_CheckNetGame: Checking network game status.
startskill 2  deathmatch: 0  startmap: 1  startepisode: 1
player 1 of 1 (1 nodes)
Emulating the behavior of the 'Doom 1.9' executable.
HU_Init: Setting up heads up display.
ST_Init: Init status bar.
External statistics registered.
I_InitGraphics: framebuffer: x_res: 640, y_res: 400, x_virtual: 640, y_virtual: 400, bpp: 32
I_InitGraphics: framebuffer: RGBA: 8888, red_off: 16, green_off: 8, blue_off: 0, transp_off: 24
I_InitGraphics: DOOM screen size: w x h: 320 x 200
I_InitGraphics: Auto-scaling factor: 2
Statistics captured for 1 level(s)
                             OPS-SAT Doom
Z_Init: Init zone memory allocation daemon. 
zone memory: 0xb66d5008, 600000 allocated for zone
Using . for configuration and saves
V_Init: allocate screens.
M_LoadDefaults: Load system defaults.
saving config in .default.cfg
W_Init: Init WADfiles.
 adding demos/doom-earth.wad
 adding demos/rng-0/zero-e1m4.lmp
Warning: Truncated 'zero-e1m4.lmp' lump name to 'ZERO-E1M'.
Playing demo demos/rng-0/zero-e1m4.lmp.
Using ./.savegame/ for savegames
===========================================================================
                            DOOM Shareware
===========================================================================
 OPS-SAT Doom is free software, covered by the GNU General Public
 License.  There is NO warranty; not even for MERCHANTABILITY or FITNESS
 FOR A PARTICULAR PURPOSE. You are welcome to change and distribute
 copies under certain conditions. See the source for more information.
===========================================================================
I_Init: Setting up machine state.
M_Init: Init miscellaneous info.
R_Init: Init DOOM refresh daemon - ...................
P_Init: Init Playloop state.
S_Init: Setting up sound.
D_CheckNetGame: Checking network game status.
startskill 2  deathmatch: 0  startmap: 1  startepisode: 1
player 1 of 1 (1 nodes)
Emulating the behavior of the 'Doom 1.9' executable.
HU_Init: Setting up heads up display.
ST_Init: Init status bar.
External statistics registered.
I_InitGraphics: framebuffer: x_res: 640, y_res: 400, x_virtual: 640, y_virtual: 400, bpp: 32
I_InitGraphics: framebuffer: RGBA: 8888, red_off: 16, green_off: 8, blue_off: 0, transp_off: 24
I_InitGraphics: DOOM screen size: w x h: 320 x 200
I_InitGraphics: Auto-scaling factor: 2
Statistics captured for 1 level(s)
                             OPS-SAT Doom
Z_Init: Init zone memory allocation daemon. 
zone memory: 0xb6696008, 600000 allocated for zone
Using . for configuration and saves
V_Init: allocate screens.
M_LoadDefaults: Load system defaults.
saving config in .default.cfg
W_Init: Init WADfiles.
 adding demos/doom-earth.wad
 adding demos/rng-0/zero-e1m5.lmp
Warning: Truncated 'zero-e1m5.lmp' lump name to 'ZERO-E1M'.
Playing demo demos/rng-0/zero-e1m5.lmp.
Using ./.savegame/ for savegames
===========================================================================
                            DOOM Shareware
===========================================================================
 OPS-SAT Doom is free software, covered by the GNU General Public
 License.  There is NO warranty; not even for MERCHANTABILITY or FITNESS
 FOR A PARTICULAR PURPOSE. You are welcome to change and distribute
 copies under certain conditions. See the source for more information.
===========================================================================
I_Init: Setting up machine state.
M_Init: Init miscellaneous info.
R_Init: Init DOOM refresh daemon - ...................
P_Init: Init Playloop state.
S_Init: Setting up sound.
D_CheckNetGame: Checking network game status.
startskill 2  deathmatch: 0  startmap: 1  startepisode: 1
player 1 of 1 (1 nodes)
Emulating the behavior of the 'Doom 1.9' executable.
HU_Init: Setting up heads up display.
ST_Init: Init status bar.
External statistics registered.
I_InitGraphics: framebuffer: x_res: 640, y_res: 400, x_virtual: 640, y_virtual: 400, bpp: 32
I_InitGraphics: framebuffer: RGBA: 8888, red_off: 16, green_off: 8, blue_off: 0, transp_off: 24
I_InitGraphics: DOOM screen size: w x h: 320 x 200
I_InitGraphics: Auto-scaling factor: 2
Statistics captured for 1 level(s)
                             OPS-SAT Doom
Z_Init: Init zone memory allocation daemon. 
zone memory: 0xb66d8008, 600000 allocated for zone
Using . for configuration and saves
V_Init: allocate screens.
M_LoadDefaults: Load system defaults.
saving config in .default.cfg
W_Init: Init WADfiles.
 adding demos/doom-earth.wad
 adding demos/rng-0/zero-e1m6.lmp
Warning: Truncated 'zero-e1m6.lmp' lump name to 'ZERO-E1M'.
Playing demo demos/rng-0/zero-e1m6.lmp.
Using ./.savegame/ for savegames
===========================================================================
                            DOOM Shareware
===========================================================================
 OPS-SAT Doom is free software, covered by the GNU General Public
 License.  There is NO warranty; not even for MERCHANTABILITY or FITNESS
 FOR A PARTICULAR PURPOSE. You are welcome to change and distribute
 copies under certain conditions. See the source for more information.
===========================================================================
I_Init: Setting up machine state.
M_Init: Init miscellaneous info.
R_Init: Init DOOM refresh daemon - ...................
P_Init: Init Playloop state.
S_Init: Setting up sound.
D_CheckNetGame: Checking network game status.
startskill 2  deathmatch: 0  startmap: 1  startepisode: 1
player 1 of 1 (1 nodes)
Emulating the behavior of the 'Doom 1.9' executable.
HU_Init: Setting up heads up display.
ST_Init: Init status bar.
External statistics registered.
I_InitGraphics: framebuffer: x_res: 640, y_res: 400, x_virtual: 640, y_virtual: 400, bpp: 32
I_InitGraphics: framebuffer: RGBA: 8888, red_off: 16, green_off: 8, blue_off: 0, transp_off: 24
I_InitGraphics: DOOM screen size: w x h: 320 x 200
I_InitGraphics: Auto-scaling factor: 2
Statistics captured for 1 level(s)
                             OPS-SAT Doom
Z_Init: Init zone memory allocation daemon. 
zone memory: 0xb6631008, 600000 allocated for zone
Using . for configuration and saves
V_Init: allocate screens.
M_LoadDefaults: Load system defaults.
saving config in .default.cfg
W_Init: Init WADfiles.
 adding demos/doom-earth.wad
 adding demos/rng-0/zero-e1m7.lmp
Warning: Truncated 'zero-e1m7.lmp' lump name to 'ZERO-E1M'.
Playing demo demos/rng-0/zero-e1m7.lmp.
Using ./.savegame/ for savegames
===========================================================================
                            DOOM Shareware
===========================================================================
 OPS-SAT Doom is free software, covered by the GNU General Public
 License.  There is NO warranty; not even for MERCHANTABILITY or FITNESS
 FOR A PARTICULAR PURPOSE. You are welcome to change and distribute
 copies under certain conditions. See the source for more information.
===========================================================================
I_Init: Setting up machine state.
M_Init: Init miscellaneous info.
R_Init: Init DOOM refresh daemon - ...................
P_Init: Init Playloop state.
S_Init: Setting up sound.
D_CheckNetGame: Checking network game status.
startskill 2  deathmatch: 0  startmap: 1  startepisode: 1
player 1 of 1 (1 nodes)
Emulating the behavior of the 'Doom 1.9' executable.
HU_Init: Setting up heads up display.
ST_Init: Init status bar.
External statistics registered.
I_InitGraphics: framebuffer: x_res: 640, y_res: 400, x_virtual: 640, y_virtual: 400, bpp: 32
I_InitGraphics: framebuffer: RGBA: 8888, red_off: 16, green_off: 8, blue_off: 0, transp_off: 24
I_InitGraphics: DOOM screen size: w x h: 320 x 200
I_InitGraphics: Auto-scaling factor: 2
Statistics captured for 1 level(s)
